[debug] [2025-11-04T00:58:22.863Z] ----------------------------------------------------------------------
[debug] [2025-11-04T00:58:22.866Z] Command:       C:\Program Files\nodejs\node.exe C:\Users\jacks\AppData\Roaming\npm\node_modules\firebase-tools\lib\bin\firebase.js init
[debug] [2025-11-04T00:58:22.866Z] CLI Version:   14.23.0
[debug] [2025-11-04T00:58:22.866Z] Platform:      win32
[debug] [2025-11-04T00:58:22.866Z] Node Version:  v22.19.0
[debug] [2025-11-04T00:58:22.867Z] Time:          Mon Nov 03 2025 17:58:22 GMT-0700 (Mountain Standard Time)
[debug] [2025-11-04T00:58:22.867Z] ----------------------------------------------------------------------
[debug] 
[info] 
     ######## #### ########  ######## ########     ###     ######  ########
     ##        ##  ##     ## ##       ##     ##  ##   ##  ##       ##
     ######    ##  ########  ######   ########  #########  ######  ######
     ##        ##  ##    ##  ##       ##     ## ##     ##       ## ##
     ##       #### ##     ## ######## ########  ##     ##  ######  ########

You're about to initialize a Firebase project in this directory:

  C:\Users\jacks\Documents\SAIT_Documents\CPRG306\Assignments\Week2\cprg306-assignments

[info] 
=== Project Setup
[info] 
[info] First, let's associate this project directory with a Firebase project.
[info] You can create multiple project aliases by running firebase use --add, 
[info] 
[debug] [2025-11-04T00:59:30.187Z] > command requires scopes: ["email","openid","https://www.googleapis.com/auth/cloudplatformprojects.readonly","https://www.googleapis.com/auth/firebase","https://www.googleapis.com/auth/cloud-platform"]
[debug] [2025-11-04T00:59:30.188Z] > authorizing via signed-in user (jackson.battista02@gmail.com)
[debug] [2025-11-04T00:59:30.190Z] Checked if tokens are valid: true, expires at: 1762221483678
[debug] [2025-11-04T00:59:30.190Z] Checked if tokens are valid: true, expires at: 1762221483678
[debug] [2025-11-04T00:59:30.191Z] >>> [apiv2][query] GET https://firebase.googleapis.com/v1beta1/projects pageSize=100
[debug] [2025-11-04T00:59:30.663Z] <<< [apiv2][status] GET https://firebase.googleapis.com/v1beta1/projects 200
[debug] [2025-11-04T00:59:30.663Z] <<< [apiv2][body] GET https://firebase.googleapis.com/v1beta1/projects [omitted]
[info] 
=== Hosting Setup
[debug] [2025-11-04T00:59:43.003Z] Checked if tokens are valid: true, expires at: 1762221483678
[debug] [2025-11-04T00:59:43.003Z] Checked if tokens are valid: true, expires at: 1762221483678
[debug] [2025-11-04T00:59:43.003Z] >>> [apiv2][query] GET https://firebase.googleapis.com/v1beta1/projects/cprg306-assignments-648a0 [none]
[debug] [2025-11-04T00:59:43.290Z] <<< [apiv2][status] GET https://firebase.googleapis.com/v1beta1/projects/cprg306-assignments-648a0 200
[debug] [2025-11-04T00:59:43.291Z] <<< [apiv2][body] GET https://firebase.googleapis.com/v1beta1/projects/cprg306-assignments-648a0 {"projectId":"cprg306-assignments-648a0","projectNumber":"1038711238777","displayName":"cprg306-assignments","name":"projects/cprg306-assignments-648a0","resources":{"hostingSite":"cprg306-assignments-648a0"},"state":"ACTIVE","etag":"1_009899c3-2bd4-4568-afb8-0425797d4b48"}
[info] 
[info] Your public directory is the folder (relative to your project directory) that
[info] will contain Hosting assets to be uploaded with firebase deploy. If you
[info] have a build process for your assets, use your build's output directory.
[info] 
[info] 
[info] i  Detected a .git folder at C:\Users\jacks\Documents\SAIT_Documents\CPRG306\Assignments\Week2\cprg306-assignments 
[info] i  Authorizing with GitHub to upload your service account to a GitHub repository's secrets store. 
[info] 
[info] Visit this URL on this device to log in:
[info] https://github.com/login/oauth/authorize?client_id=89cf50f02ac6aaed3484&state=659175394&redirect_uri=http%3A%2F%2Flocalhost%3A9005&scope=read%3Auser%20repo%20public_repo
[info] 
[info] Waiting for authentication...
[debug] [2025-11-04T01:00:55.781Z] >>> [apiv2][query] POST https://github.com/login/oauth/access_token [none]
[debug] [2025-11-04T01:00:55.782Z] >>> [apiv2][body] POST https://github.com/login/oauth/access_token [stream]
[debug] [2025-11-04T01:00:56.160Z] <<< [apiv2][status] POST https://github.com/login/oauth/access_token 200
[debug] [2025-11-04T01:00:56.160Z] <<< [apiv2][body] POST https://github.com/login/oauth/access_token {"access_token":"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","token_type":"bearer","scope":"read:user,repo"}
[debug] [2025-11-04T01:00:56.166Z] >>> [apiv2][query] GET https://api.github.com/user [none]
[debug] [2025-11-04T01:00:56.572Z] <<< [apiv2][status] GET https://api.github.com/user 200
[debug] [2025-11-04T01:00:56.572Z] <<< [apiv2][body] GET https://api.github.com/user {"login":"Jack8971","id":186773475,"node_id":"U_kgDOCyHv4w","avatar_url":"https://avatars.githubusercontent.com/u/186773475?v=4","gravatar_id":"","url":"https://api.github.com/users/Jack8971","html_url":"https://github.com/Jack8971","followers_url":"https://api.github.com/users/Jack8971/followers","following_url":"https://api.github.com/users/Jack8971/following{/other_user}","gists_url":"https://api.github.com/users/Jack8971/gists{/gist_id}","starred_url":"https://api.github.com/users/Jack8971/starred{/owner}{/repo}","subscriptions_url":"https://api.github.com/users/Jack8971/subscriptions","organizations_url":"https://api.github.com/users/Jack8971/orgs","repos_url":"https://api.github.com/users/Jack8971/repos","events_url":"https://api.github.com/users/Jack8971/events{/privacy}","received_events_url":"https://api.github.com/users/Jack8971/received_events","type":"User","user_view_type":"private","site_admin":false,"name":"Jackson ","company":null,"blog":"www.linkedin.com/in/jackson-battista-44746130b","location":null,"email":"Jackson.Battista@shaw.ca","hireable":true,"bio":"I am a Software Development student at SAIT and im seeking a full-time role to gain hands-on experience in coding and development.","twitter_username":null,"notification_email":"Jackson.Battista@shaw.ca","public_repos":7,"public_gists":0,"followers":0,"following":0,"created_at":"2024-10-30T01:03:04Z","updated_at":"2025-10-29T18:57:51Z","private_gists":0,"total_private_repos":4,"owned_private_repos":4,"disk_usage":27975,"collaborators":2,"two_factor_authentication":false,"plan":{"name":"free","space":976562499,"collaborators":0,"private_repos":10000}}
[info] 
[info] +  Success! Logged into GitHub as Jack8971 
[info] 
[debug] [2025-11-04T01:01:57.900Z] >>> [apiv2][query] GET https://api.github.com/repos/Jack8971/https://github.com/Jack8971/cprg306-assignments/actions/secrets/public-key type=owner
[debug] [2025-11-04T01:01:58.203Z] <<< [apiv2][status] GET https://api.github.com/repos/Jack8971/https://github.com/Jack8971/cprg306-assignments/actions/secrets/public-key 404
[debug] [2025-11-04T01:01:58.203Z] <<< [apiv2][body] GET https://api.github.com/repos/Jack8971/https://github.com/Jack8971/cprg306-assignments/actions/secrets/public-key {"message":"Not Found","documentation_url":"https://docs.github.com/rest","status":"404"}
[info] 
[info] 
[error] !  The provided authorization cannot be used with this repository. If this repository is in an organization, did you remember to grant access? 
[info] 
[info] i  Action required: Visit this URL to ensure access has been granted to the appropriate organization(s) for the Firebase CLI GitHub OAuth App: 
[info] https://github.com/settings/connections/applications/89cf50f02ac6aaed3484
[info] 
[debug] [2025-11-04T01:02:05.915Z] >>> [apiv2][query] GET https://api.github.com/repos/Jack8971/https://github.com/Jack8971/cprg306-assignmentshttps://github.com/Jack8971/cprg306-assignments/actions/secrets/public-key type=owner
[debug] [2025-11-04T01:02:06.184Z] <<< [apiv2][status] GET https://api.github.com/repos/Jack8971/https://github.com/Jack8971/cprg306-assignmentshttps://github.com/Jack8971/cprg306-assignments/actions/secrets/public-key 404
[debug] [2025-11-04T01:02:06.185Z] <<< [apiv2][body] GET https://api.github.com/repos/Jack8971/https://github.com/Jack8971/cprg306-assignmentshttps://github.com/Jack8971/cprg306-assignments/actions/secrets/public-key {"message":"Not Found","documentation_url":"https://docs.github.com/rest","status":"404"}
[info] 
[info] 
[error] !  The provided authorization cannot be used with this repository. If this repository is in an organization, did you remember to grant access? 
[info] 
[info] i  Action required: Visit this URL to ensure access has been granted to the appropriate organization(s) for the Firebase CLI GitHub OAuth App: 
[info] https://github.com/settings/connections/applications/89cf50f02ac6aaed3484
[info] 
[debug] [2025-11-04T01:02:09.442Z] >>> [apiv2][query] GET https://api.github.com/repos/Jack8971/https://github.com/Jack8971/cprg306-assignmentshttps://github.com/Jack8971/cprg306-assignmentshttps://github.com/Jack8971/cprg306-assignments/actions/secrets/public-key type=owner
[debug] [2025-11-04T01:02:09.703Z] <<< [apiv2][status] GET https://api.github.com/repos/Jack8971/https://github.com/Jack8971/cprg306-assignmentshttps://github.com/Jack8971/cprg306-assignmentshttps://github.com/Jack8971/cprg306-assignments/actions/secrets/public-key 404
[debug] [2025-11-04T01:02:09.703Z] <<< [apiv2][body] GET https://api.github.com/repos/Jack8971/https://github.com/Jack8971/cprg306-assignmentshttps://github.com/Jack8971/cprg306-assignmentshttps://github.com/Jack8971/cprg306-assignments/actions/secrets/public-key {"message":"Not Found","documentation_url":"https://docs.github.com/rest","status":"404"}
[info] 
[info] 
[error] !  The provided authorization cannot be used with this repository. If this repository is in an organization, did you remember to grant access? 
[info] 
[info] i  Action required: Visit this URL to ensure access has been granted to the appropriate organization(s) for the Firebase CLI GitHub OAuth App: 
[info] https://github.com/settings/connections/applications/89cf50f02ac6aaed3484
[info] 
[debug] [2025-11-04T01:02:11.708Z] >>> [apiv2][query] GET https://api.github.com/repos/Jack8971/https://github.com/Jack8971/cprg306-assignmentshttps://github.com/Jack8971/cprg306-assignmentshttps://github.com/Jack8971/cprg306-assignments/actions/secrets/public-key type=owner
[debug] [2025-11-04T01:02:11.983Z] <<< [apiv2][status] GET https://api.github.com/repos/Jack8971/https://github.com/Jack8971/cprg306-assignmentshttps://github.com/Jack8971/cprg306-assignmentshttps://github.com/Jack8971/cprg306-assignments/actions/secrets/public-key 404
[debug] [2025-11-04T01:02:11.983Z] <<< [apiv2][body] GET https://api.github.com/repos/Jack8971/https://github.com/Jack8971/cprg306-assignmentshttps://github.com/Jack8971/cprg306-assignmentshttps://github.com/Jack8971/cprg306-assignments/actions/secrets/public-key {"message":"Not Found","documentation_url":"https://docs.github.com/rest","status":"404"}
[info] 
[info] 
[error] !  The provided authorization cannot be used with this repository. If this repository is in an organization, did you remember to grant access? 
[info] 
[info] i  Action required: Visit this URL to ensure access has been granted to the appropriate organization(s) for the Firebase CLI GitHub OAuth App: 
[info] https://github.com/settings/connections/applications/89cf50f02ac6aaed3484
[info] 
[debug] [2025-11-04T01:02:31.265Z] >>> [apiv2][query] GET https://api.github.com/repos/Jack8971/https://github.com/Jack8971/cprg306-assignmentshttps://github.com/Jack8971/cprg306-assignmentshttps://github.com/Jack8971/cprg306-assignments/actions/secrets/public-key type=owner
[debug] [2025-11-04T01:02:31.535Z] <<< [apiv2][status] GET https://api.github.com/repos/Jack8971/https://github.com/Jack8971/cprg306-assignmentshttps://github.com/Jack8971/cprg306-assignmentshttps://github.com/Jack8971/cprg306-assignments/actions/secrets/public-key 404
[debug] [2025-11-04T01:02:31.535Z] <<< [apiv2][body] GET https://api.github.com/repos/Jack8971/https://github.com/Jack8971/cprg306-assignmentshttps://github.com/Jack8971/cprg306-assignmentshttps://github.com/Jack8971/cprg306-assignments/actions/secrets/public-key {"message":"Not Found","documentation_url":"https://docs.github.com/rest","status":"404"}
[info] 
[info] 
[error] !  The provided authorization cannot be used with this repository. If this repository is in an organization, did you remember to grant access? 
[info] 
[info] i  Action required: Visit this URL to ensure access has been granted to the appropriate organization(s) for the Firebase CLI GitHub OAuth App: 
[info] https://github.com/settings/connections/applications/89cf50f02ac6aaed3484
[info] 
[debug] [2025-11-04T01:02:34.048Z] >>> [apiv2][query] GET https://api.github.com/repos/Jack8971/https://github.com/Jack8971/cprg306-assignmentshttps://github.com/Jack8971/cprg306-assignmentshttps://github.com/Jack8971/cprg306-assignmentshttps://cprg306-assignments-bice-chi.vercel.app//actions/secrets/public-key type=owner
[debug] [2025-11-04T01:02:34.299Z] <<< [apiv2][status] GET https://api.github.com/repos/Jack8971/https://github.com/Jack8971/cprg306-assignmentshttps://github.com/Jack8971/cprg306-assignmentshttps://github.com/Jack8971/cprg306-assignmentshttps://cprg306-assignments-bice-chi.vercel.app//actions/secrets/public-key 404
[debug] [2025-11-04T01:02:34.299Z] <<< [apiv2][body] GET https://api.github.com/repos/Jack8971/https://github.com/Jack8971/cprg306-assignmentshttps://github.com/Jack8971/cprg306-assignmentshttps://github.com/Jack8971/cprg306-assignmentshttps://cprg306-assignments-bice-chi.vercel.app//actions/secrets/public-key {"message":"Not Found","documentation_url":"https://docs.github.com/rest","status":"404"}
[info] 
[info] 
[error] !  The provided authorization cannot be used with this repository. If this repository is in an organization, did you remember to grant access? 
[info] 
[info] i  Action required: Visit this URL to ensure access has been granted to the appropriate organization(s) for the Firebase CLI GitHub OAuth App: 
[info] https://github.com/settings/connections/applications/89cf50f02ac6aaed3484
[info] 
[debug] [2025-11-04T01:02:43.881Z] >>> [apiv2][query] GET https://api.github.com/repos/Jack8971/https://github.com/Jack8971/cprg306-assignmentshttps://github.com/Jack8971/cprg306-assignmentshttps://github.com/Jack8971/cprg306-assignmentshttps://cprg306-assignments-bice-chi.vercel.app/Jack8971/https://cprg306-assignments-bice-chi.vercel.app//actions/secrets/public-key type=owner
[debug] [2025-11-04T01:02:44.170Z] <<< [apiv2][status] GET https://api.github.com/repos/Jack8971/https://github.com/Jack8971/cprg306-assignmentshttps://github.com/Jack8971/cprg306-assignmentshttps://github.com/Jack8971/cprg306-assignmentshttps://cprg306-assignments-bice-chi.vercel.app/Jack8971/https://cprg306-assignments-bice-chi.vercel.app//actions/secrets/public-key 404
[debug] [2025-11-04T01:02:44.171Z] <<< [apiv2][body] GET https://api.github.com/repos/Jack8971/https://github.com/Jack8971/cprg306-assignmentshttps://github.com/Jack8971/cprg306-assignmentshttps://github.com/Jack8971/cprg306-assignmentshttps://cprg306-assignments-bice-chi.vercel.app/Jack8971/https://cprg306-assignments-bice-chi.vercel.app//actions/secrets/public-key {"message":"Not Found","documentation_url":"https://docs.github.com/rest","status":"404"}
[info] 
[info] 
[error] !  The provided authorization cannot be used with this repository. If this repository is in an organization, did you remember to grant access? 
[info] 
[info] i  Action required: Visit this URL to ensure access has been granted to the appropriate organization(s) for the Firebase CLI GitHub OAuth App: 
[info] https://github.com/settings/connections/applications/89cf50f02ac6aaed3484
[info] 
[debug] [2025-11-04T01:03:46.646Z] >>> [apiv2][query] GET https://api.github.com/repos/Jack8971/https://github.com/Jack8971/cprg306-assignmentshttps://github.com/Jack8971/cprg306-assignmentshttps://github.com/Jack8971/cprg306-assignmentshttps://cprg306-assignments-bice-chi.vercel.app/Jack8971/https://cprg306-assignments-bice-chi.vercel.app/firebase deploy/actions/secrets/public-key type=owner
[debug] [2025-11-04T01:03:46.931Z] <<< [apiv2][status] GET https://api.github.com/repos/Jack8971/https://github.com/Jack8971/cprg306-assignmentshttps://github.com/Jack8971/cprg306-assignmentshttps://github.com/Jack8971/cprg306-assignmentshttps://cprg306-assignments-bice-chi.vercel.app/Jack8971/https://cprg306-assignments-bice-chi.vercel.app/firebase deploy/actions/secrets/public-key 404
[debug] [2025-11-04T01:03:46.931Z] <<< [apiv2][body] GET https://api.github.com/repos/Jack8971/https://github.com/Jack8971/cprg306-assignmentshttps://github.com/Jack8971/cprg306-assignmentshttps://github.com/Jack8971/cprg306-assignmentshttps://cprg306-assignments-bice-chi.vercel.app/Jack8971/https://cprg306-assignments-bice-chi.vercel.app/firebase deploy/actions/secrets/public-key {"message":"Not Found","documentation_url":"https://docs.github.com/rest","status":"404"}
[info] 
[info] 
[error] !  The provided authorization cannot be used with this repository. If this repository is in an organization, did you remember to grant access? 
[info] 
[info] i  Action required: Visit this URL to ensure access has been granted to the appropriate organization(s) for the Firebase CLI GitHub OAuth App: 
[info] https://github.com/settings/connections/applications/89cf50f02ac6aaed3484
[info] 
[debug] [2025-11-04T01:06:57.991Z] >>> [apiv2][query] GET https://api.github.com/repos/Jack8971/https://github.com/Jack8971/cprg306-assignmentshttps://github.com/Jack8971/cprg306-assignmentshttps://github.com/Jack8971/cprg306-assignmentshttps://cprg306-assignments-bice-chi.vercel.app/Jack8971/https://cprg306-assignments-bice-chi.vercel.app/firebase deploy/actions/secrets/public-key type=owner
[debug] [2025-11-04T01:06:58.288Z] <<< [apiv2][status] GET https://api.github.com/repos/Jack8971/https://github.com/Jack8971/cprg306-assignmentshttps://github.com/Jack8971/cprg306-assignmentshttps://github.com/Jack8971/cprg306-assignmentshttps://cprg306-assignments-bice-chi.vercel.app/Jack8971/https://cprg306-assignments-bice-chi.vercel.app/firebase deploy/actions/secrets/public-key 404
[debug] [2025-11-04T01:06:58.289Z] <<< [apiv2][body] GET https://api.github.com/repos/Jack8971/https://github.com/Jack8971/cprg306-assignmentshttps://github.com/Jack8971/cprg306-assignmentshttps://github.com/Jack8971/cprg306-assignmentshttps://cprg306-assignments-bice-chi.vercel.app/Jack8971/https://cprg306-assignments-bice-chi.vercel.app/firebase deploy/actions/secrets/public-key {"message":"Not Found","documentation_url":"https://docs.github.com/rest","status":"404"}
[info] 
[info] 
[error] !  The provided authorization cannot be used with this repository. If this repository is in an organization, did you remember to grant access? 
[info] 
[info] i  Action required: Visit this URL to ensure access has been granted to the appropriate organization(s) for the Firebase CLI GitHub OAuth App: 
[info] https://github.com/settings/connections/applications/89cf50f02ac6aaed3484
[info] 
[debug] [2025-11-04T01:07:18.771Z] >>> [apiv2][query] GET https://api.github.com/repos/Jack8971/https://github.com/Jack8971/cprg306-assignments/actions/secrets/public-key type=owner
[debug] [2025-11-04T01:07:19.044Z] <<< [apiv2][status] GET https://api.github.com/repos/Jack8971/https://github.com/Jack8971/cprg306-assignments/actions/secrets/public-key 404
[debug] [2025-11-04T01:07:19.045Z] <<< [apiv2][body] GET https://api.github.com/repos/Jack8971/https://github.com/Jack8971/cprg306-assignments/actions/secrets/public-key {"message":"Not Found","documentation_url":"https://docs.github.com/rest","status":"404"}
[info] 
[info] 
[error] !  The provided authorization cannot be used with this repository. If this repository is in an organization, did you remember to grant access? 
[info] 
[info] i  Action required: Visit this URL to ensure access has been granted to the appropriate organization(s) for the Firebase CLI GitHub OAuth App: 
[info] https://github.com/settings/connections/applications/89cf50f02ac6aaed3484
[info] 
[debug] [2025-11-04T01:07:25.834Z] >>> [apiv2][query] GET https://api.github.com/repos/Jack8971/https://github.com/Jack8971/cprg306-assignments\/actions/secrets/public-key type=owner
[debug] [2025-11-04T01:07:26.112Z] <<< [apiv2][status] GET https://api.github.com/repos/Jack8971/https://github.com/Jack8971/cprg306-assignments\/actions/secrets/public-key 404
[debug] [2025-11-04T01:07:26.112Z] <<< [apiv2][body] GET https://api.github.com/repos/Jack8971/https://github.com/Jack8971/cprg306-assignments\/actions/secrets/public-key {"message":"Not Found","documentation_url":"https://docs.github.com/rest","status":"404"}
[info] 
[info] 
[error] !  The provided authorization cannot be used with this repository. If this repository is in an organization, did you remember to grant access? 
[info] 
[info] i  Action required: Visit this URL to ensure access has been granted to the appropriate organization(s) for the Firebase CLI GitHub OAuth App: 
[info] https://github.com/settings/connections/applications/89cf50f02ac6aaed3484
[info] 
[debug] [2025-11-04T01:07:44.134Z] >>> [apiv2][query] GET https://api.github.com/repos/ Jack8971/https://github.com/Jack8971/cprg306-assignments/actions/secrets/public-key type=owner
[debug] [2025-11-04T01:07:44.424Z] <<< [apiv2][status] GET https://api.github.com/repos/ Jack8971/https://github.com/Jack8971/cprg306-assignments/actions/secrets/public-key 404
[debug] [2025-11-04T01:07:44.425Z] <<< [apiv2][body] GET https://api.github.com/repos/ Jack8971/https://github.com/Jack8971/cprg306-assignments/actions/secrets/public-key {"message":"Not Found","documentation_url":"https://docs.github.com/rest","status":"404"}
[info] 
[info] 
[error] !  The provided authorization cannot be used with this repository. If this repository is in an organization, did you remember to grant access? 
[info] 
[info] i  Action required: Visit this URL to ensure access has been granted to the appropriate organization(s) for the Firebase CLI GitHub OAuth App: 
[info] https://github.com/settings/connections/applications/89cf50f02ac6aaed3484
[info] 
